<?xml version="1.0" encoding="UTF-8"?>
<!-- Generated by org.testng.reporters.JUnitXMLReporter -->
<testsuite ignored="0" hostname="Admins-Mac-mini.local" failures="0" tests="5" name="Default test" time="31.167" errors="0" timestamp="2023-12-12T22:21:58 EST">
  <testcase classname="datadriventesting.Datadriventest" name="logintest" time="7.795"/>
  <testcase classname="datadriventesting.Datadriventest" name="logintest" time="3.696"/>
  <testcase classname="datadriventesting.Datadriventest" name="logintest" time="3.203"/>
  <testcase classname="datadriventesting.Datadriventest" name="logintest" time="2.841"/>
  <testcase classname="datadriventesting.Datadriventest" name="logintest" time="1.703"/>
</testsuite> <!-- Default test -->
